 0.17000D+03  0.14732D+04  0.42608D-01  0.31870D-05  0.15445D-02  0.39864D+00  0.59883D+00  0.24994D-02  0.33006D-04  0.16630D-02  0.16543D-01  0.77261D-04  0.14672D-02  0.52657D-01  0.11500D+01 -0.65160D+01  0.81601D+00  0.10634D+04  0.10391D+04  0.26967D+01  0.88192D-01  0.32704D-01  0.13205D-01
 0.16500D+03  0.14732D+04  0.42547D-01  0.24511D-05  0.15444D-02  0.42062D+00  0.57672D+00  0.26267D-02  0.34681D-04  0.17280D-02  0.17879D-01  0.75649D-04  0.14688D-02  0.51505D-01  0.11500D+01 -0.65176D+01  0.80621D+00  0.10590D+04  0.94373D+03  0.26627D+01  0.87186D-01  0.32744D-01  0.13203D-01
 0.16000D+03  0.14732D+04  0.42475D-01  0.18578D-05  0.15443D-02  0.44453D+00  0.55267D+00  0.27656D-02  0.36492D-04  0.18042D-02  0.19457D-01  0.74037D-04  0.14703D-02  0.50356D-01  0.11500D+01 -0.65191D+01  0.79660D+00  0.10540D+04  0.85103D+03  0.26285D+01  0.86129D-01  0.32768D-01  0.13195D-01
 0.15500D+03  0.14732D+04  0.42389D-01  0.13853D-05  0.15442D-02  0.47055D+00  0.52649D+00  0.29173D-02  0.38448D-04  0.18948D-02  0.21344D-01  0.72420D-04  0.14717D-02  0.49207D-01  0.11500D+01 -0.65207D+01  0.78719D+00  0.10485D+04  0.76122D+03  0.25939D+01  0.85007D-01  0.32771D-01  0.13179D-01
 0.15000D+03  0.14732D+04  0.42285D-01  0.10144D-05  0.15440D-02  0.49884D+00  0.49803D+00  0.30833D-02  0.40557D-04  0.20039D-02  0.23630D-01  0.70791D-04  0.14732D-02  0.48052D-01  0.11500D+01 -0.65222D+01  0.77804D+00  0.10421D+04  0.67451D+03  0.25589D+01  0.83799D-01  0.32748D-01  0.13154D-01
 0.14500D+03  0.14732D+04  0.42159D-01  0.72764D-06  0.15438D-02  0.52951D+00  0.46718D+00  0.32646D-02  0.42821D-04  0.21368D-02  0.26437D-01  0.69141D-04  0.14747D-02  0.46886D-01  0.11500D+01 -0.65238D+01  0.76921D+00  0.10347D+04  0.59125D+03  0.25231D+01  0.82481D-01  0.32690D-01  0.13117D-01
 0.14000D+03  0.14732D+04  0.42002D-01  0.51002D-06  0.15435D-02  0.56256D+00  0.43393D+00  0.34623D-02  0.45231D-04  0.23010D-02  0.29933D-01  0.67456D-04  0.14761D-02  0.45699D-01  0.11500D+01 -0.65254D+01  0.76075D+00  0.10259D+04  0.51190D+03  0.24862D+01  0.81019D-01  0.32588D-01  0.13064D-01
 0.13500D+03  0.14732D+04  0.41806D-01  0.34831D-06  0.15432D-02  0.59785D+00  0.39842D+00  0.36768D-02  0.47763D-04  0.25065D-02  0.34344D-01  0.65722D-04  0.14775D-02  0.44482D-01  0.11500D+01 -0.65269D+01  0.75278D+00  0.10153D+04  0.43706D+03  0.24478D+01  0.79371D-01  0.32426D-01  0.12990D-01
 0.13000D+03  0.14732D+04  0.41559D-01  0.23110D-06  0.15428D-02  0.63494D+00  0.36110D+00  0.39076D-02  0.50370D-04  0.27659D-02  0.39968D-01  0.63919D-04  0.14789D-02  0.43221D-01  0.11500D+01 -0.65285D+01  0.74542D+00  0.10024D+04  0.36753D+03  0.24073D+01  0.77484D-01  0.32187D-01  0.12890D-01
 0.12500D+03  0.14732D+04  0.41245D-01  0.14861D-06  0.15423D-02  0.67302D+00  0.32277D+00  0.41527D-02  0.52971D-04  0.30946D-02  0.47180D-01  0.62026D-04  0.14802D-02  0.41903D-01  0.11500D+01 -0.65300D+01  0.73882D+00  0.98651D+03  0.30426D+03  0.23642D+01  0.75297D-01  0.31849D-01  0.12756D-01
 0.12000D+03  0.14732D+04  0.40849D-01  0.00000D+00  0.15416D-02  0.71088D+00  0.28466D+00  0.44082D-02  0.55451D-04  0.35091D-02  0.56406D-01  0.60021D-04  0.14815D-02  0.40513D-01  0.11500D+01 -0.65316D+01  0.73318D+00  0.96702D+03  0.24821D+03  0.23179D+01  0.72754D-01  0.31388D-01  0.12579D-01
 0.11500D+03  0.14732D+04  0.40357D-01  0.00000D+00  0.15407D-02  0.74700D+00  0.24827D+00  0.46694D-02  0.57680D-04  0.40236D-02  0.68055D-01  0.57895D-04  0.14828D-02  0.39045D-01  0.11500D+01 -0.65332D+01  0.72864D+00  0.94337D+03  0.20013D+03  0.22679D+01  0.69820D-01  0.30786D-01  0.12353D-01
 0.90000D+02  0.14732D+04  0.37214D-01  0.00000D+00  0.15335D-02  0.85723D+00  0.13686D+00  0.58519D-02  0.60596D-04  0.72995D-02  0.10350D+00  0.47204D-04  0.14863D-02  0.31760D-01  0.11500D+01 -0.65410D+01  0.71498D+00  0.79990D+03  0.78616D+02  0.20049D+01  0.53765D-01  0.26818D-01  0.10355D-01
 0.85000D+02  0.14732D+04  0.36602D-01  0.00000D+00  0.15313D-02  0.86789D+00  0.12588D+00  0.61731D-02  0.62569D-04  0.79364D-02  0.11796D+00  0.45312D-04  0.14859D-02  0.30494D-01  0.11500D+01 -0.65425D+01  0.71242D+00  0.77318D+03  0.66644D+02  0.19560D+01  0.50978D-01  0.26062D-01  0.10136D-01
 0.80000D+02  0.14732D+04  0.35945D-01  0.00000D+00  0.15286D-02  0.87752D+00  0.11588D+00  0.65283D-02  0.64633D-04  0.86208D-02  0.13540D+00  0.43422D-04  0.14852D-02  0.29237D-01  0.11500D+01 -0.65441D+01  0.71052D+00  0.74492D+03  0.56279D+02  0.19064D+01  0.48127D-01  0.25245D-01  0.99005D-02
 0.75000D+02  0.14732D+04  0.35233D-01  0.00000D+00  0.15254D-02  0.88629D+00  0.10672D+00  0.69222D-02  0.66739D-04  0.93606D-02  0.15653D+00  0.41527D-04  0.14838D-02  0.27986D-01  0.11500D+01 -0.65457D+01  0.70938D+00  0.71489D+03  0.47309D+02  0.18558D+01  0.45203D-01  0.24358D-01  0.96413D-02
 0.70000D+02  0.14732D+04  0.34459D-01  0.00000D+00  0.15215D-02  0.89429D+00  0.98278D-01  0.73601D-02  0.68817D-04  0.10165D-01  0.18215D+00  0.39623D-04  0.14818D-02  0.26739D-01  0.11500D+01 -0.65472D+01  0.70914D+00  0.68281D+03  0.39560D+02  0.18039D+01  0.42196D-01  0.23391D-01  0.93500D-02
 0.65000D+02  0.14732D+04  0.33612D-01  0.00000D+00  0.15167D-02  0.90163D+00  0.90446D-01  0.78491D-02  0.70778D-04  0.11045D-01  0.21315D+00  0.37703D-04  0.14790D-02  0.25492D-01  0.11500D+01 -0.65488D+01  0.70998D+00  0.64840D+03  0.32882D+02  0.17507D+01  0.39097D-01  0.22332D-01  0.90174D-02
 0.60000D+02  0.14732D+04  0.32679D-01  0.00000D+00  0.15110D-02  0.90838D+00  0.83153D-01  0.83985D-02  0.72518D-04  0.12014D-01  0.25043D+00  0.35763D-04  0.14752D-02  0.24243D-01  0.11500D+01 -0.65503D+01  0.71210D+00  0.61132D+03  0.27145D+02  0.16957D+01  0.35897D-01  0.21169D-01  0.86346D-02
 0.55000D+02  0.14732D+04  0.31645D-01  0.00000D+00  0.15038D-02  0.91456D+00  0.76340D-01  0.90217D-02  0.73911D-04  0.13086D-01  0.29483D+00  0.33795D-04  0.14700D-02  0.22989D-01  0.11500D+01 -0.65519D+01  0.71576D+00  0.57127D+03  0.22233D+02  0.16389D+01  0.32595D-01  0.19889D-01  0.81926D-02
 0.50000D+02  0.14732D+04  0.30495D-01  0.00000D+00  0.14949D-02  0.92022D+00  0.69963D-01  0.97373D-02  0.75378D-04  0.14279D-01  0.34701D+00  0.31793D-04  0.14631D-02  0.21730D-01  0.11500D+01 -0.65535D+01  0.72127D+00  0.52793D+03  0.18042D+02  0.15797D+01  0.29192D-01  0.18480D-01  0.77412D-02
 0.45000D+02  0.14732D+04  0.29222D-01  0.00000D+00  0.14837D-02  0.92531D+00  0.64045D-01  0.10569D-01  0.73634D-04  0.15598D-01  0.40065D+00  0.29766D-04  0.14539D-02  0.20473D-01  0.11500D+01 -0.65550D+01  0.72886D+00  0.48158D+03  0.14522D+02  0.15183D+01  0.25733D-01  0.16948D-01  0.69669D-02
 0.40000D+02  0.14732D+04  0.27836D-01  0.00000D+00  0.14694D-02  0.92972D+00  0.58644D-01  0.11569D-01  0.71601D-04  0.17035D-01  0.45813D+00  0.27729D-04  0.14417D-02  0.19234D-01  0.11500D+01 -0.65566D+01  0.73855D+00  0.43311D+03  0.11564D+02  0.14549D+01  0.22296D-01  0.15325D-01  0.61891D-02
 0.35000D+02  0.14732D+04  0.26324D-01  0.00000D+00  0.14507D-02  0.93343D+00  0.53700D-01  0.12804D-01  0.69288D-04  0.18603D-01  0.51996D+00  0.25673D-04  0.14251D-02  0.18015D-01  0.11500D+01 -0.65581D+01  0.75072D+00  0.38275D+03  0.90733D+01  0.13886D+01  0.18907D-01  0.13616D-01  0.54116D-02
 0.30000D+02  0.14732D+04  0.24666D-01  0.00000D+00  0.14257D-02  0.93641D+00  0.49146D-01  0.14377D-01  0.66649D-04  0.20327D-01  0.58567D+00  0.23579D-04  0.14021D-02  0.16817D-01  0.11500D+01 -0.65597D+01  0.76592D+00  0.33071D+03  0.69765D+01  0.13182D+01  0.15593D-01  0.11829D-01  0.46359D-02
 0.25000D+02  0.14732D+04  0.22830D-01  0.00000D+00  0.13906D-02  0.93857D+00  0.44912D-01  0.16456D-01  0.63578D-04  0.22243D-01  0.65461D+00  0.21410D-04  0.13692D-02  0.15636D-01  0.11500D+01 -0.65613D+01  0.78499D+00  0.27724D+03  0.52125D+01  0.12414D+01  0.12376D-01  0.99696D-02  0.38635D-02
 0.20000D+02  0.14732D+04  0.20763D-01  0.00000D+00  0.13393D-02  0.93968D+00  0.40916D-01  0.19340D-01  0.59857D-04  0.24416D-01  0.72593D+00  0.19097D-04  0.13202D-02  0.14465D-01  0.11500D+01 -0.65628D+01  0.80929D+00  0.22258D+03  0.37310D+01  0.11535D+01  0.92828D-02  0.80475D-02  0.30951D-02
 0.15000D+02  0.14732D+04  0.18368D-01  0.00000D+00  0.12584D-02  0.93929D+00  0.37051D-01  0.23602D-01  0.55006D-04  0.26963D-01  0.79848D+00  0.16501D-04  0.12419D-02  0.13287D-01  0.11500D+01 -0.65644D+01  0.84127D+00  0.16704D+03  0.24919D+01  0.10451D+01  0.63456D-02  0.60718D-02  0.23306D-02
 0.10000D+02  0.14732D+04  0.15442D-01  0.00000D+00  0.11167D-02  0.93631D+00  0.33143D-01  0.30503D-01  0.47872D-04  0.30142D-01  0.87623D+00  0.13313D-04  0.11033D-02  0.12066D-01  0.11500D+01 -0.65660D+01  0.88618D+00  0.11093D+03  0.14634D+01  0.89361D+00  0.36230D-02  0.40543D-02  0.15694D-02
 0.90000D+01  0.14732D+04  0.14720D-01  0.00000D+00  0.10748D-02  0.93526D+00  0.32291D-01  0.32401D-01  0.45632D-04  0.30938D-01  0.89069D+00  0.12533D-04  0.10622D-02  0.11799D-01  0.11500D+01 -0.65663D+01  0.89840D+00  0.99086D+02  0.12799D+01  0.85344D+00  0.30939D-02  0.36252D-02  0.14083D-02
 0.80000D+01  0.14732D+04  0.13944D-01  0.00000D+00  0.10260D-02  0.93399D+00  0.31418D-01  0.34554D-01  0.43094D-04  0.31797D-01  0.90457D+00  0.11690D-04  0.10144D-02  0.11525D-01  0.11500D+01 -0.65666D+01  0.91195D+00  0.87256D+02  0.11044D+01  0.80841D+00  0.25835D-02  0.31958D-02  0.12472D-02
 0.70000D+01  0.14732D+04  0.13108D-01  0.00000D+00  0.96879D-03  0.93243D+00  0.30520D-01  0.37012D-01  0.40216D-04  0.32732D-01  0.91794D+00  0.10770D-04  0.95802D-03  0.11242D-01  0.11500D+01 -0.65669D+01  0.92710D+00  0.75501D+02  0.93681D+00  0.75736D+00  0.20966D-02  0.27683D-02  0.10866D-02
 0.60000D+01  0.14732D+04  0.12198D-01  0.00000D+00  0.90081D-03  0.93053D+00  0.29592D-01  0.39841D-01  0.36937D-04  0.33759D-01  0.93085D+00  0.97563D-05  0.89104D-03  0.10949D-01  0.11500D+01 -0.65672D+01  0.94421D+00  0.63878D+02  0.77718D+00  0.69874D+00  0.16383D-02  0.23447D-02  0.92710D-03
 0.50000D+01  0.14732D+04  0.11194D-01  0.00000D+00  0.81910D-03  0.92822D+00  0.28624D-01  0.43120D-01  0.33174D-04  0.34901D-01  0.94335D+00  0.86259D-05  0.81047D-03  0.10643D-01  0.11500D+01 -0.65675D+01  0.96382D+00  0.52443D+02  0.62555D+00  0.63048D+00  0.12149D-02  0.19270D-02  0.76933D-03
 0.45000D+01  0.14732D+04  0.10648D-01  0.00000D+00  0.77187D-03  0.92689D+00  0.28120D-01  0.44957D-01  0.31074D-04  0.35527D-01  0.94946D+00  0.80079D-05  0.76386D-03  0.10483D-01  0.11500D+01 -0.65677D+01  0.97482D+00  0.46813D+02  0.55276D+00  0.59186D+00  0.10186D-02  0.17211D-02  0.69121D-03
 0.40000D+01  0.14732D+04  0.10066D-01  0.00000D+00  0.71956D-03  0.92543D+00  0.27599D-01  0.46942D-01  0.28805D-04  0.36197D-01  0.95548D+00  0.73488D-05  0.71222D-03  0.10318D-01  0.11500D+01 -0.65678D+01  0.98681D+00  0.41250D+02  0.48202D+00  0.54967D+00  0.83405D-03  0.15174D-02  0.61364D-03
 0.35000D+01  0.14732D+04  0.94402D-02  0.00000D+00  0.66141D-03  0.92383D+00  0.27058D-01  0.49088D-01  0.26343D-04  0.36920D-01  0.96141D+00  0.66432D-05  0.65477D-03  0.10146D-01  0.11500D+01 -0.65680D+01  0.10000D+01  0.35761D+02  0.41335D+00  0.50335D+00  0.66249D-03  0.13162D-02  0.53664D-03
 0.30000D+01  0.14732D+04  0.87595D-02  0.00000D+00  0.59650D-03  0.92208D+00  0.26493D-01  0.51406D-01  0.23659D-04  0.37709D-01  0.96726D+00  0.58855D-05  0.59063D-03  0.99649D-02  0.11500D+01 -0.65681D+01  0.10148D+01  0.30353D+02  0.34680D+00  0.45229D+00  0.50553D-03  0.11177D-02  0.46023D-03
 0.25000D+01  0.14732D+04  0.80081D-02  0.00000D+00  0.52380D-03  0.92018D+00  0.25894D-01  0.53900D-01  0.20717D-04  0.38580D-01  0.97303D+00  0.50691D-05  0.51872D-03  0.97724D-02  0.11500D+01 -0.65683D+01  0.10315D+01  0.25032D+02  0.28244D+00  0.39571D+00  0.36496D-03  0.92228D-03  0.38436D-03
 0.20000D+01  0.14732D+04  0.71609D-02  0.00000D+00  0.44203D-03  0.91816D+00  0.25253D-01  0.56567D-01  0.17477D-04  0.39559D-01  0.97870D+00  0.41874D-05  0.43783D-03  0.95640D-02  0.11500D+01 -0.65684D+01  0.10509D+01  0.19805D+02  0.22034D+00  0.33278D+00  0.24296D-03  0.73008D-03  0.30895D-03
 0.15000D+01  0.14732D+04  0.61749D-02  0.00000D+00  0.34982D-03  0.91606D+00  0.24551D-01  0.59371D-01  0.13883D-04  0.40692D-01  0.98428D+00  0.32343D-05  0.34657D-03  0.93323D-02  0.11500D+01 -0.65686D+01  0.10742D+01  0.14679D+02  0.16066D+00  0.26251D+00  0.14212D-03  0.54140D-03  0.23383D-03
 0.10000D+01  0.14732D+04  0.49641D-02  0.00000D+00  0.24572D-03  0.91403D+00  0.23751D-01  0.62210D-01  0.98684D-05  0.42061D-01  0.98974D+00  0.22068D-05  0.24351D-03  0.90624D-02  0.11500D+01 -0.65688D+01  0.11041D+01  0.96608D+01  0.10362D+00  0.18387D+00  0.65552D-04  0.35652D-03  0.15863D-03
 0.50000D+00  0.14732D+04  0.33257D-02  0.00000D+00  0.12871D-03  0.91243D+00  0.22777D-01  0.64786D-01  0.53890D-05  0.43861D-01  0.99497D+00  0.11127D-05  0.12759D-03  0.87204D-02  0.11500D+01 -0.65689D+01  0.11465D+01  0.48042D+01  0.49667D-01  0.96127D-01  0.17052D-04  0.17739D-03  0.83182D-04
 0.10000D+00  0.14732D+04  0.10736D-02  0.00000D+00  0.26308D-04  0.91265D+00  0.21617D-01  0.65736D-01  0.12533D-05  0.46213D-01  0.99903D+00  0.21621D-06  0.26086D-04  0.82881D-02  0.11500D+01 -0.65690D+01  0.12086D+01  0.97092D+00  0.94148D-02  0.19665D-01  0.70531D-06  0.35865D-04  0.19066D-04
